EDA Netlist Writer report for InterfaceTCC
Mon Aug 21 16:09:43 2023
Quartus Prime Version 22.1std.1 Build 917 02/14/2023 SC Lite Edition


---------------------
; Table of Contents ;
---------------------
  1. Legal Notice
  2. EDA Netlist Writer Summary
  3. Simulation Settings
  4. Simulation Generated Files
  5. EDA Netlist Writer Messages



----------------
; Legal Notice ;
----------------
Copyright (C) 2023  Intel Corporation. All rights reserved.
Your use of Intel Corporation's design tools, logic functions 
and other software and tools, and any partner logic 
functions, and any output files from any of the foregoing 
(including device programming or simulation files), and any 
associated documentation or information are expressly subject 
to the terms and conditions of the Intel Program License 
Subscription Agreement, the Intel Quartus Prime License Agreement,
the Intel FPGA IP License Agreement, or other applicable license
agreement, including, without limitation, that your use is for
the sole purpose of programming logic devices manufactured by
Intel and sold by Intel or its authorized distributors.  Please
refer to the applicable agreement for further details, at
https://fpgasoftware.intel.com/eula.



+-------------------------------------------------------------------+
; EDA Netlist Writer Summary                                        ;
+---------------------------+---------------------------------------+
; EDA Netlist Writer Status ; Successful - Mon Aug 21 16:09:43 2023 ;
; Revision Name             ; InterfaceTCC                          ;
; Top-level Entity Name     ; interface_tcc_top_master              ;
; Family                    ; Cyclone V                             ;
; Simulation Files Creation ; Successful                            ;
+---------------------------+---------------------------------------+


+---------------------------------------------------------------------------------------------------------------------------------+
; Simulation Settings                                                                                                             ;
+---------------------------------------------------------------------------------------------------+-----------------------------+
; Option                                                                                            ; Setting                     ;
+---------------------------------------------------------------------------------------------------+-----------------------------+
; Tool Name                                                                                         ; Questa Intel FPGA (Verilog) ;
; Generate functional simulation netlist                                                            ; On                          ;
; Truncate long hierarchy paths                                                                     ; Off                         ;
; Map illegal HDL characters                                                                        ; Off                         ;
; Flatten buses into individual nodes                                                               ; Off                         ;
; Maintain hierarchy                                                                                ; Off                         ;
; Bring out device-wide set/reset signals as ports                                                  ; Off                         ;
; Enable glitch filtering                                                                           ; Off                         ;
; Do not write top level VHDL entity                                                                ; Off                         ;
; Disable detection of setup and hold time violations in the input registers of bi-directional pins ; Off                         ;
; Architecture name in VHDL output netlist                                                          ; structure                   ;
; Generate third-party EDA tool command script for RTL functional simulation                        ; Off                         ;
; Generate third-party EDA tool command script for gate-level simulation                            ; Off                         ;
+---------------------------------------------------------------------------------------------------+-----------------------------+


+---------------------------------------------------------+
; Simulation Generated Files                              ;
+---------------------------------------------------------+
; Generated Files                                         ;
+---------------------------------------------------------+
; E:/repos/InterfaceTCC/simulation/questa/InterfaceTCC.vo ;
+---------------------------------------------------------+


+-----------------------------+
; EDA Netlist Writer Messages ;
+-----------------------------+
Info: *******************************************************************
Info: Running Quartus Prime EDA Netlist Writer
    Info: Version 22.1std.1 Build 917 02/14/2023 SC Lite Edition
    Info: Processing started: Mon Aug 21 16:09:42 2023
Info: Command: quartus_eda --read_settings_files=off --write_settings_files=off InterfaceTCC -c InterfaceTCC
Warning (18236): Number of processors has not been specified which may cause overloading on shared machines.  Set the global assignment NUM_PARALLEL_PROCESSORS in your QSF to an appropriate value for best performance.
Info (204001): Port "l_out_val_i[0][0]" is changed into "l_out_val_i_0_0" because it's a member of 2-D array port "l_out_val_i" File: E:/repos/InterfaceTCC/hdl/interface_tcc_top_master.vhd Line: 52
Info (204001): Port "l_in_ack_i[0][0]" is changed into "l_in_ack_i_0_0" because it's a member of 2-D array port "l_in_ack_i" File: E:/repos/InterfaceTCC/hdl/interface_tcc_top_master.vhd Line: 53
Info (204001): Port "l_in_val_o[0][0]" is changed into "l_in_val_o_0_0" because it's a member of 2-D array port "l_in_val_o" File: E:/repos/InterfaceTCC/hdl/interface_tcc_top_master.vhd Line: 55
Info (204001): Port "l_out_ack_o[0][0]" is changed into "l_out_ack_o_0_0" because it's a member of 2-D array port "l_out_ack_o" File: E:/repos/InterfaceTCC/hdl/interface_tcc_top_master.vhd Line: 56
Info (204019): Generated file InterfaceTCC.vo in folder "E:/repos/InterfaceTCC/simulation/questa/" for EDA simulation tool
Info: Quartus Prime EDA Netlist Writer was successful. 0 errors, 1 warning
    Info: Peak virtual memory: 4748 megabytes
    Info: Processing ended: Mon Aug 21 16:09:43 2023
    Info: Elapsed time: 00:00:01
    Info: Total CPU time (on all processors): 00:00:01


