Flow report for InterfaceTCC
Thu Aug 31 11:22:04 2023
Quartus Prime Version 22.1std.1 Build 917 02/14/2023 SC Lite Edition


---------------------
; Table of Contents ;
---------------------
  1. Legal Notice
  2. Flow Summary
  3. Flow Settings
  4. Flow Non-Default Global Settings
  5. Flow Elapsed Time
  6. Flow OS Summary
  7. Flow Log
  8. Flow Messages
  9. Flow Suppressed Messages



----------------
; Legal Notice ;
----------------
Copyright (C) 2023  Intel Corporation. All rights reserved.
Your use of Intel Corporation's design tools, logic functions 
and other software and tools, and any partner logic 
functions, and any output files from any of the foregoing 
(including device programming or simulation files), and any 
associated documentation or information are expressly subject 
to the terms and conditions of the Intel Program License 
Subscription Agreement, the Intel Quartus Prime License Agreement,
the Intel FPGA IP License Agreement, or other applicable license
agreement, including, without limitation, that your use is for
the sole purpose of programming logic devices manufactured by
Intel and sold by Intel or its authorized distributors.  Please
refer to the applicable agreement for further details, at
https://fpgasoftware.intel.com/eula.



+----------------------------------------------------------------------------------+
; Flow Summary                                                                     ;
+---------------------------------+------------------------------------------------+
; Flow Status                     ; Successful - Thu Aug 31 11:22:04 2023          ;
; Quartus Prime Version           ; 22.1std.1 Build 917 02/14/2023 SC Lite Edition ;
; Revision Name                   ; InterfaceTCC                                   ;
; Top-level Entity Name           ; tcc_top_master                                 ;
; Family                          ; Cyclone V                                      ;
; Device                          ; 5CGXFC9E7F35C8                                 ;
; Timing Models                   ; Final                                          ;
; Logic utilization (in ALMs)     ; 21 / 113,560 ( < 1 % )                         ;
; Total registers                 ; 5                                              ;
; Total pins                      ; 206 / 616 ( 33 % )                             ;
; Total virtual pins              ; 0                                              ;
; Total block memory bits         ; 0 / 12,492,800 ( 0 % )                         ;
; Total DSP Blocks                ; 0 / 342 ( 0 % )                                ;
; Total HSSI RX PCSs              ; 0 / 12 ( 0 % )                                 ;
; Total HSSI PMA RX Deserializers ; 0 / 12 ( 0 % )                                 ;
; Total HSSI TX PCSs              ; 0 / 12 ( 0 % )                                 ;
; Total HSSI PMA TX Serializers   ; 0 / 12 ( 0 % )                                 ;
; Total PLLs                      ; 0 / 20 ( 0 % )                                 ;
; Total DLLs                      ; 0 / 4 ( 0 % )                                  ;
+---------------------------------+------------------------------------------------+


+-----------------------------------------+
; Flow Settings                           ;
+-------------------+---------------------+
; Option            ; Setting             ;
+-------------------+---------------------+
; Start date & time ; 08/31/2023 11:20:14 ;
; Main task         ; Compilation         ;
; Revision Name     ; InterfaceTCC        ;
+-------------------+---------------------+


+----------------------------------------------------------------------------------------------------------------------------------------------------+
; Flow Non-Default Global Settings                                                                                                                   ;
+--------------------------------------+----------------------------------------+---------------+----------------+-----------------------------------+
; Assignment Name                      ; Value                                  ; Default Value ; Entity Name    ; Section Id                        ;
+--------------------------------------+----------------------------------------+---------------+----------------+-----------------------------------+
; COMPILER_SIGNATURE_ID                ; 1096885372208.169349161404820          ; --            ; --             ; --                                ;
; EDA_DESIGN_INSTANCE_NAME             ; NA                                     ; --            ; --             ; tcc_frontend_master_tb            ;
; EDA_GENERATE_FUNCTIONAL_NETLIST      ; Off                                    ; --            ; --             ; eda_board_design_timing           ;
; EDA_GENERATE_FUNCTIONAL_NETLIST      ; Off                                    ; --            ; --             ; eda_board_design_boundary_scan    ;
; EDA_GENERATE_FUNCTIONAL_NETLIST      ; Off                                    ; --            ; --             ; eda_board_design_signal_integrity ;
; EDA_GENERATE_FUNCTIONAL_NETLIST      ; Off                                    ; --            ; --             ; eda_board_design_symbol           ;
; EDA_NATIVELINK_SIMULATION_TEST_BENCH ; tcc_frontend_master_tb                 ; --            ; --             ; eda_simulation                    ;
; EDA_OUTPUT_DATA_FORMAT               ; Verilog Hdl                            ; --            ; --             ; eda_simulation                    ;
; EDA_SIMULATION_TOOL                  ; Questa Intel FPGA (Verilog)            ; <None>        ; --             ; --                                ;
; EDA_TEST_BENCH_ENABLE_STATUS         ; TEST_BENCH_MODE                        ; --            ; --             ; eda_simulation                    ;
; EDA_TEST_BENCH_FILE                  ; hdl/test/tcc_frontend_master_tb.vhd    ; --            ; --             ; tcc_frontend_master_tb            ;
; EDA_TEST_BENCH_MODULE_NAME           ; tcc_frontend_master_tb                 ; --            ; --             ; tcc_frontend_master_tb            ;
; EDA_TEST_BENCH_NAME                  ; tcc_frontend_master_tb                 ; --            ; --             ; eda_simulation                    ;
; EDA_TIME_SCALE                       ; 10 ns                                  ; --            ; --             ; eda_simulation                    ;
; MAX_CORE_JUNCTION_TEMP               ; 85                                     ; --            ; --             ; --                                ;
; MIN_CORE_JUNCTION_TEMP               ; 0                                      ; --            ; --             ; --                                ;
; PARTITION_COLOR                      ; -- (Not supported for targeted family) ; --            ; tcc_top_master ; Top                               ;
; PARTITION_FITTER_PRESERVATION_LEVEL  ; -- (Not supported for targeted family) ; --            ; tcc_top_master ; Top                               ;
; PARTITION_NETLIST_TYPE               ; -- (Not supported for targeted family) ; --            ; tcc_top_master ; Top                               ;
; POWER_BOARD_THERMAL_MODEL            ; None (CONSERVATIVE)                    ; --            ; --             ; --                                ;
; POWER_PRESET_COOLING_SOLUTION        ; 23 MM HEAT SINK WITH 200 LFPM AIRFLOW  ; --            ; --             ; --                                ;
; PROJECT_OUTPUT_DIRECTORY             ; output_files                           ; --            ; --             ; --                                ;
; SAVE_DISK_SPACE                      ; Off                                    ; On            ; --             ; --                                ;
; TOP_LEVEL_ENTITY                     ; tcc_top_master                         ; InterfaceTCC  ; --             ; --                                ;
; VHDL_INPUT_VERSION                   ; VHDL_2008                              ; VHDL_1993     ; --             ; --                                ;
; VHDL_SHOW_LMF_MAPPING_MESSAGES       ; Off                                    ; --            ; --             ; --                                ;
+--------------------------------------+----------------------------------------+---------------+----------------+-----------------------------------+


+--------------------------------------------------------------------------------------------------------------------------+
; Flow Elapsed Time                                                                                                        ;
+----------------------+--------------+-------------------------+---------------------+------------------------------------+
; Module Name          ; Elapsed Time ; Average Processors Used ; Peak Virtual Memory ; Total CPU Time (on all processors) ;
+----------------------+--------------+-------------------------+---------------------+------------------------------------+
; Analysis & Synthesis ; 00:00:10     ; 1.0                     ; 4899 MB             ; 00:00:16                           ;
; Fitter               ; 00:01:12     ; 1.0                     ; 7221 MB             ; 00:02:39                           ;
; Assembler            ; 00:00:11     ; 1.0                     ; 4876 MB             ; 00:00:10                           ;
; Timing Analyzer      ; 00:00:06     ; 1.0                     ; 5345 MB             ; 00:00:06                           ;
; EDA Netlist Writer   ; 00:00:01     ; 1.0                     ; 4751 MB             ; 00:00:01                           ;
; Total                ; 00:01:40     ; --                      ; --                  ; 00:03:12                           ;
+----------------------+--------------+-------------------------+---------------------+------------------------------------+


+------------------------------------------------------------------------------------+
; Flow OS Summary                                                                    ;
+----------------------+------------------+------------+------------+----------------+
; Module Name          ; Machine Hostname ; OS Name    ; OS Version ; Processor type ;
+----------------------+------------------+------------+------------+----------------+
; Analysis & Synthesis ; DESKTOP-F7AEI79  ; Windows 10 ; 10.0       ; x86_64         ;
; Fitter               ; DESKTOP-F7AEI79  ; Windows 10 ; 10.0       ; x86_64         ;
; Assembler            ; DESKTOP-F7AEI79  ; Windows 10 ; 10.0       ; x86_64         ;
; Timing Analyzer      ; DESKTOP-F7AEI79  ; Windows 10 ; 10.0       ; x86_64         ;
; EDA Netlist Writer   ; DESKTOP-F7AEI79  ; Windows 10 ; 10.0       ; x86_64         ;
+----------------------+------------------+------------+------------+----------------+


------------
; Flow Log ;
------------
quartus_map --read_settings_files=on --write_settings_files=off InterfaceTCC -c InterfaceTCC
quartus_fit --read_settings_files=off --write_settings_files=off InterfaceTCC -c InterfaceTCC
quartus_asm --read_settings_files=off --write_settings_files=off InterfaceTCC -c InterfaceTCC
quartus_sta InterfaceTCC -c InterfaceTCC
quartus_eda --read_settings_files=off --write_settings_files=off InterfaceTCC -c InterfaceTCC



